Started by user [8mha:////4OJ78kE40ClH25J3RY2HhEfeQ9A18qQAjkPfLE1poF+3AAAAlx+LCAAAAAAAAP9b85aBtbiIQTGjNKU4P08vOT+vOD8nVc83PyU1x6OyILUoJzMv2y+/JJUBAhiZGBgqihhk0NSjKDWzXb3RdlLBUSYGJk8GtpzUvPSSDB8G5tKinBIGIZ+sxLJE/ZzEvHT94JKizLx0a6BxUmjGOUNodHsLgAzeEgZu/dLi1CL9xJTczDwACG0V4sAAAAA=[0mJenkins Admin
Running as SYSTEM
Building in workspace /var/jenkins_home/workspace/Autodeployment
The recommended git tool is: NONE
No credentials specified
 > git rev-parse --is-inside-work-tree # timeout=10
Fetching changes from the remote Git repository
 > git config remote.origin.url https://github.com/muradsamadov/webapp.git # timeout=10
Fetching upstream changes from https://github.com/muradsamadov/webapp.git
 > git --version # timeout=10
 > git --version # 'git version 2.11.0'
 > git fetch --tags --progress -- https://github.com/muradsamadov/webapp.git +refs/heads/*:refs/remotes/origin/* # timeout=10
 > git rev-parse refs/remotes/origin/master^{commit} # timeout=10
Checking out Revision 1516915fefdaf45606678d5dcdd2e66330591e29 (refs/remotes/origin/master)
 > git config core.sparsecheckout # timeout=10
 > git checkout -f 1516915fefdaf45606678d5dcdd2e66330591e29 # timeout=10
Commit message: "Updated statement on index page"
 > git rev-list --no-walk 1516915fefdaf45606678d5dcdd2e66330591e29 # timeout=10
[Autodeployment] $ /var/jenkins_home/tools/hudson.tasks.Maven_MavenInstallation/jenkins-maven/bin/mvn package
[INFO] Scanning for projects...
[INFO] 
[INFO] ---------------< com.dev3l.hello_world:mvn-hello-world >----------------
[INFO] Building mvn-hello-world Maven Webapp 1.0-SNAPSHOT
[INFO] --------------------------------[ war ]---------------------------------
[INFO] 
[8mha:////4HgBeycXHcKs9fpDGPkUzkQt6KxAE85iyo787gWl7XpLAAAAYB+LCAAAAAAAAP9b85aBtbiIQSmjNKU4P0+vJLE4u1gvPjexLDVPzxdEGvvmZ+X75ZekLlOVfvTjc8FPJgaGiiIGKaiG5Py84vycVD1nCA1SyAABjCCFBQCV27OjYAAAAA==[0m[INFO] --- maven-resources-plugin:2.6:resources (default-resources) @ mvn-hello-world ---
[8mha:////4NIh/alIqFUxcT6fN5OHfeqQkW3GoOEijSbMdH9wapcPAAAAYx+LCAAAAAAAAP9b85aBtbiIQSWjNKU4P0+vJLE4u1gvPjexLDVPzxdEhicW5WXmpfvll6S2fNly5fzGzauYGBgqihikoFqS8/OK83NS9ZwhNEghAwQwghQWAACwxA+XYgAAAA==[0m[WARNING] Using platform encoding (UTF-8 actually) to copy filtered resources, i.e. build is platform dependent!
[INFO] skip non existing resourceDirectory /var/jenkins_home/workspace/Autodeployment/src/main/resources
[INFO] 
[8mha:////4HgBeycXHcKs9fpDGPkUzkQt6KxAE85iyo787gWl7XpLAAAAYB+LCAAAAAAAAP9b85aBtbiIQSmjNKU4P0+vJLE4u1gvPjexLDVPzxdEGvvmZ+X75ZekLlOVfvTjc8FPJgaGiiIGKaiG5Py84vycVD1nCA1SyAABjCCFBQCV27OjYAAAAA==[0m[INFO] --- maven-compiler-plugin:3.1:compile (default-compile) @ mvn-hello-world ---
[INFO] No sources to compile
[INFO] 
[8mha:////4HgBeycXHcKs9fpDGPkUzkQt6KxAE85iyo787gWl7XpLAAAAYB+LCAAAAAAAAP9b85aBtbiIQSmjNKU4P0+vJLE4u1gvPjexLDVPzxdEGvvmZ+X75ZekLlOVfvTjc8FPJgaGiiIGKaiG5Py84vycVD1nCA1SyAABjCCFBQCV27OjYAAAAA==[0m[INFO] --- maven-resources-plugin:2.6:testResources (default-testResources) @ mvn-hello-world ---
[8mha:////4NIh/alIqFUxcT6fN5OHfeqQkW3GoOEijSbMdH9wapcPAAAAYx+LCAAAAAAAAP9b85aBtbiIQSWjNKU4P0+vJLE4u1gvPjexLDVPzxdEhicW5WXmpfvll6S2fNly5fzGzauYGBgqihikoFqS8/OK83NS9ZwhNEghAwQwghQWAACwxA+XYgAAAA==[0m[WARNING] Using platform encoding (UTF-8 actually) to copy filtered resources, i.e. build is platform dependent!
[INFO] Copying 1 resource
[INFO] 
[8mha:////4HgBeycXHcKs9fpDGPkUzkQt6KxAE85iyo787gWl7XpLAAAAYB+LCAAAAAAAAP9b85aBtbiIQSmjNKU4P0+vJLE4u1gvPjexLDVPzxdEGvvmZ+X75ZekLlOVfvTjc8FPJgaGiiIGKaiG5Py84vycVD1nCA1SyAABjCCFBQCV27OjYAAAAA==[0m[INFO] --- maven-compiler-plugin:3.1:testCompile (default-testCompile) @ mvn-hello-world ---
[INFO] Nothing to compile - all classes are up to date
[INFO] 
[8mha:////4HgBeycXHcKs9fpDGPkUzkQt6KxAE85iyo787gWl7XpLAAAAYB+LCAAAAAAAAP9b85aBtbiIQSmjNKU4P0+vJLE4u1gvPjexLDVPzxdEGvvmZ+X75ZekLlOVfvTjc8FPJgaGiiIGKaiG5Py84vycVD1nCA1SyAABjCCFBQCV27OjYAAAAA==[0m[INFO] --- maven-surefire-plugin:2.12.4:test (default-test) @ mvn-hello-world ---
[INFO] Surefire report directory: /var/jenkins_home/workspace/Autodeployment/target/surefire-reports

-------------------------------------------------------
 T E S T S
-------------------------------------------------------
Running com.dev3l.hello_world.test.ExampleTest
Tests run: 1, Failures: 0, Errors: 0, Skipped: 0, Time elapsed: 0.129 sec

Results :

Tests run: 1, Failures: 0, Errors: 0, Skipped: 0

[INFO] 
[8mha:////4HgBeycXHcKs9fpDGPkUzkQt6KxAE85iyo787gWl7XpLAAAAYB+LCAAAAAAAAP9b85aBtbiIQSmjNKU4P0+vJLE4u1gvPjexLDVPzxdEGvvmZ+X75ZekLlOVfvTjc8FPJgaGiiIGKaiG5Py84vycVD1nCA1SyAABjCCFBQCV27OjYAAAAA==[0m[INFO] --- maven-war-plugin:2.4:war (default-war) @ mvn-hello-world ---
[INFO] Packaging webapp
[INFO] Assembling webapp [mvn-hello-world] in [/var/jenkins_home/workspace/Autodeployment/target/mvn-hello-world]
[INFO] Processing war project
[INFO] Copying webapp resources [/var/jenkins_home/workspace/Autodeployment/src/main/webapp]
[INFO] Webapp assembled in [117 msecs]
[INFO] Building war: /var/jenkins_home/workspace/Autodeployment/target/mvn-hello-world.war
[INFO] ------------------------------------------------------------------------
[INFO] BUILD SUCCESS
[INFO] ------------------------------------------------------------------------
[INFO] Total time:  7.396 s
[INFO] Finished at: 2021-01-05T17:20:58Z
[INFO] ------------------------------------------------------------------------
[DeployPublisher][INFO] Attempting to deploy 1 war file(s)
[DeployPublisher][INFO] Deploying /var/jenkins_home/workspace/Autodeployment/target/mvn-hello-world.war to container Tomcat 8.x Remote with context mvn-hello-world
ERROR: Build step failed with exception
org.codehaus.cargo.container.ContainerException: The [cargo.remote.username] and [cargo.remote.password] properties are mandatory and need to be defined in your configuration.
	at org.codehaus.cargo.container.tomcat.internal.AbstractTomcatManagerDeployer.createManager(AbstractTomcatManagerDeployer.java:287)
	at org.codehaus.cargo.container.tomcat.internal.AbstractTomcatManagerDeployer.getTomcatManager(AbstractTomcatManagerDeployer.java:82)
	at org.codehaus.cargo.container.tomcat.internal.AbstractTomcatManagerDeployer.redeploy(AbstractTomcatManagerDeployer.java:161)
	at hudson.plugins.deploy.CargoContainerAdapter.deploy(CargoContainerAdapter.java:81)
	at hudson.plugins.deploy.CargoContainerAdapter$DeployCallable.invoke(CargoContainerAdapter.java:167)
	at hudson.plugins.deploy.CargoContainerAdapter$DeployCallable.invoke(CargoContainerAdapter.java:136)
	at hudson.FilePath.act(FilePath.java:1077)
	at hudson.FilePath.act(FilePath.java:1060)
	at hudson.plugins.deploy.CargoContainerAdapter.redeployFile(CargoContainerAdapter.java:133)
	at hudson.plugins.deploy.PasswordProtectedAdapterCargo.redeployFile(PasswordProtectedAdapterCargo.java:95)
	at hudson.plugins.deploy.DeployPublisher.perform(DeployPublisher.java:113)
	at jenkins.tasks.SimpleBuildStep.perform(SimpleBuildStep.java:123)
	at hudson.tasks.BuildStepCompatibilityLayer.perform(BuildStepCompatibilityLayer.java:80)
	at hudson.tasks.BuildStepMonitor$3.perform(BuildStepMonitor.java:45)
	at hudson.model.AbstractBuild$AbstractBuildExecution.perform(AbstractBuild.java:803)
	at hudson.model.AbstractBuild$AbstractBuildExecution.performAllBuildSteps(AbstractBuild.java:752)
	at hudson.model.Build$BuildExecution.post2(Build.java:177)
	at hudson.model.AbstractBuild$AbstractBuildExecution.post(AbstractBuild.java:697)
	at hudson.model.Run.execute(Run.java:1932)
	at hudson.model.FreeStyleBuild.run(FreeStyleBuild.java:43)
	at hudson.model.ResourceController.execute(ResourceController.java:97)
	at hudson.model.Executor.run(Executor.java:429)
Build step 'Deploy war/ear to a container' marked build as failure
Finished: FAILURE
